<?xml version="1.0" encoding="UTF-8"?>
<testsuite xmlns:xsi="http://www.w3.org/2001/XMLSchema-instance" xsi:noNamespaceSchemaLocation="https://maven.apache.org/surefire/maven-surefire-plugin/xsd/surefire-test-report.xsd" name="com.bank.BankTest" time="0.069" tests="5" errors="0" skipped="0" failures="0">
  <properties>
[...]
</properties>
  <testcase name="testTransactionHistory" classname="com.bank.BankTest" time="0.052"/>
  <testcase name="testCreateAccount" classname="com.bank.BankTest" time="0.001"/>
  <testcase name="testWithdraw" classname="com.bank.BankTest" time="0.003"/>
  <testcase name="testGetBalance" classname="com.bank.BankTest" time="0.001"/>
  <testcase name="testDeposit" classname="com.bank.BankTest" time="0.001"/>
</testsuite>